Contents of BMT data                                           08:20 Saturday, October 30, 2021   1

The CONTENTS Procedure

Data Set Name        WORK.BMT                      Observations          137
Member Type          DATA                          Variables             6  
Engine               V9                            Indexes               0  
Created              10/30/2021 08:20:59           Observation Length    56 
Last Modified        10/30/2021 08:20:59           Deleted Observations  0  
Protection                                         Compressed            NO 
Data Set Type                                      Sorted                NO 
Label                                                                       
Data Representation  WINDOWS_64                                             
Encoding             wlatin1  Western (Windows)                             


                                 Engine/Host Dependent Information

Data Set Page Size          65536                                                                  
Number of Data Set Pages    1                                                                      
First Data Page             1                                                                      
Max Obs per Page            1167                                                                   
Obs in First Data Page      137                                                                    
Number of Data Set Repairs  0                                                                      
ExtendObsCounter            YES                                                                    
Filename                    C:\Users\agalecki\AppData\Local\Temp\SAS Temporary                     
                            Files\_TD17620_LTGER047_\bmt.sas7bdat                                  
Release Created             9.0401M4                                                               
Host Created                X64_10PRO                                                              
Owner Name                  UMHS\agalecki                                                          
File Size                   128KB                                                                  
File Size (bytes)           131072                                                                 


            Alphabetic List of Variables and Attributes
 
#    Variable    Type    Len    Label

1    Group       Char     13    Disease Group                     
3    Status      Num       8    Event Indictor: 1=Event 0=Censored
2    T           Num       8    Disease-Free Survival Time        
4    idx         Num       8                                      
6    xb          Num       8                                      
5    xb0         Num       8                                      
Contents of BMT data                                           08:20 Saturday, October 30, 2021   2

The FREQ Procedure

                          Disease Group
 
                                          Cumulative    Cumulative
Group            Frequency     Percent     Frequency      Percent
ƒƒƒƒƒƒƒƒƒƒƒƒƒƒƒƒƒƒƒƒƒƒƒƒƒƒƒƒƒƒƒƒƒƒƒƒƒƒƒƒƒƒƒƒƒƒƒƒƒƒƒƒƒƒƒƒƒƒƒƒƒƒƒƒƒƒ
ALL                    38       27.74            38        27.74  
AML-High Risk          45       32.85            83        60.58  
AML-Low Risk           54       39.42           137       100.00  


             Event Indictor: 1=Event 0=Censored
 
                                   Cumulative    Cumulative
Status    Frequency     Percent     Frequency      Percent
ƒƒƒƒƒƒƒƒƒƒƒƒƒƒƒƒƒƒƒƒƒƒƒƒƒƒƒƒƒƒƒƒƒƒƒƒƒƒƒƒƒƒƒƒƒƒƒƒƒƒƒƒƒƒƒƒƒƒƒ
     0          54       39.42            54        39.42  
     1          83       60.58           137       100.00  
Descriptive stats for t variable by censored status            08:20 Saturday, October 30, 2021   3

Event Indictor: 1=Event 0=Censored=0

The MEANS Procedure

          Analysis Variable : T Disease-Free Survival Time
 
  N            Mean         Std Dev         Minimum         Maximum
ƒƒƒƒƒƒƒƒƒƒƒƒƒƒƒƒƒƒƒƒƒƒƒƒƒƒƒƒƒƒƒƒƒƒƒƒƒƒƒƒƒƒƒƒƒƒƒƒƒƒƒƒƒƒƒƒƒƒƒƒƒƒƒƒƒƒƒ
 54         1542.54     534.1715403     226.0000000         2640.00
ƒƒƒƒƒƒƒƒƒƒƒƒƒƒƒƒƒƒƒƒƒƒƒƒƒƒƒƒƒƒƒƒƒƒƒƒƒƒƒƒƒƒƒƒƒƒƒƒƒƒƒƒƒƒƒƒƒƒƒƒƒƒƒƒƒƒƒ


Event Indictor: 1=Event 0=Censored=1

          Analysis Variable : T Disease-Free Survival Time
 
  N            Mean         Std Dev         Minimum         Maximum
ƒƒƒƒƒƒƒƒƒƒƒƒƒƒƒƒƒƒƒƒƒƒƒƒƒƒƒƒƒƒƒƒƒƒƒƒƒƒƒƒƒƒƒƒƒƒƒƒƒƒƒƒƒƒƒƒƒƒƒƒƒƒƒƒƒƒƒ
 83     287.2409639     315.9858206       1.0000000         2204.00
ƒƒƒƒƒƒƒƒƒƒƒƒƒƒƒƒƒƒƒƒƒƒƒƒƒƒƒƒƒƒƒƒƒƒƒƒƒƒƒƒƒƒƒƒƒƒƒƒƒƒƒƒƒƒƒƒƒƒƒƒƒƒƒƒƒƒƒ
Descriptive stats for t variable by censored status            08:20 Saturday, October 30, 2021   4

Obs    Group      T     Status    idx    xb0       xb

  1     ALL     2081       0        1     2     1.99570
  2     ALL     1602       0        2     2     1.99000
  3     ALL     1496       0        3     2     1.97565
  4     ALL     1462       0        4     2     1.97777
  5     ALL     1433       0        5     2     2.00735
  6     ALL     1377       0        6     2     2.04994
  7     ALL     1330       0        7     2     1.84788
  8     ALL      996       0        8     2     2.07918
  9     ALL      226       0        9     2     2.05722
 10     ALL     1199       0       10     2     2.01757
