The SAS System                                                 09:07 Saturday, October 30, 2021   1

The LIFETEST Procedure
 
Stratum 1: Disease Group = ALL

                 Product-Limit Survival Estimates
 
                                     Survival
                                     Standard    Number    Number
       T     Survival    Failure      Error      Failed     Left

    0.00       1.0000           0           0       0        38  
    1.00       0.9737      0.0263      0.0260       1        37  
   55.00       0.9474      0.0526      0.0362       2        36  
   74.00       0.9211      0.0789      0.0437       3        35  
   86.00       0.8947      0.1053      0.0498       4        34  
  104.00       0.8684      0.1316      0.0548       5        33  
  107.00       0.8421      0.1579      0.0592       6        32  
  109.00       0.8158      0.1842      0.0629       7        31  
  110.00       0.7895      0.2105      0.0661       8        30  
  122.00            .           .           .       9        29  
  122.00       0.7368      0.2632      0.0714      10        28  
  129.00       0.7105      0.2895      0.0736      11        27  
  172.00       0.6842      0.3158      0.0754      12        26  
  192.00       0.6579      0.3421      0.0770      13        25  
  194.00       0.6316      0.3684      0.0783      14        24  
  226.00*           .           .           .      14        23  
  230.00       0.6041      0.3959      0.0795      15        22  
  276.00       0.5767      0.4233      0.0805      16        21  
  332.00       0.5492      0.4508      0.0812      17        20  
  383.00       0.5217      0.4783      0.0817      18        19  
  418.00       0.4943      0.5057      0.0819      19        18  
  466.00       0.4668      0.5332      0.0818      20        17  
  487.00       0.4394      0.5606      0.0815      21        16  
  526.00       0.4119      0.5881      0.0809      22        15  
  530.00*           .           .           .      22        14  
  609.00       0.3825      0.6175      0.0803      23        13  
  662.00       0.3531      0.6469      0.0793      24        12  
  996.00*           .           .           .      24        11  
 1111.00*           .           .           .      24        10  
 1167.00*           .           .           .      24         9  
 1182.00*           .           .           .      24         8  
 1199.00*           .           .           .      24         7  
 1330.00*           .           .           .      24         6  
 1377.00*           .           .           .      24         5  
 1433.00*           .           .           .      24         4  
 1462.00*           .           .           .      24         3  
 1496.00*           .           .           .      24         2  
 1602.00*           .           .           .      24         1  
 2081.00*      0.3531           .           .      24         0  

NOTE: The marked survival times are censored observations.
The SAS System                                                 09:07 Saturday, October 30, 2021   2

The LIFETEST Procedure
 
Stratum 1: Disease Group = ALL

Summary Statistics for Time Variable T

                   Quartile Estimates
 
              Point         95% Confidence Interval
Percent    Estimate    Transform      [Lower      Upper)

     75         .      LOGLOG         609.00         .  
     50      418.00    LOGLOG         192.00         .  
     25      122.00    LOGLOG          86.00      230.00


            Standard
    Mean       Error

  398.24       41.11

NOTE: The mean survival time and its standard error were underestimated because the largest 
      observation was censored and the estimation was restricted to the largest event time.
The SAS System                                                 09:07 Saturday, October 30, 2021   3

The LIFETEST Procedure
 
Stratum 2: Disease Group = AML-High Risk

                 Product-Limit Survival Estimates
 
                                     Survival
                                     Standard    Number    Number
       T     Survival    Failure      Error      Failed     Left

    0.00       1.0000           0           0       0        45  
    2.00       0.9778      0.0222      0.0220       1        44  
   16.00       0.9556      0.0444      0.0307       2        43  
   32.00       0.9333      0.0667      0.0372       3        42  
   47.00            .           .           .       4        41  
   47.00       0.8889      0.1111      0.0468       5        40  
   48.00       0.8667      0.1333      0.0507       6        39  
   63.00       0.8444      0.1556      0.0540       7        38  
   64.00       0.8222      0.1778      0.0570       8        37  
   74.00       0.8000      0.2000      0.0596       9        36  
   76.00       0.7778      0.2222      0.0620      10        35  
   80.00       0.7556      0.2444      0.0641      11        34  
   84.00       0.7333      0.2667      0.0659      12        33  
   93.00       0.7111      0.2889      0.0676      13        32  
  100.00       0.6889      0.3111      0.0690      14        31  
  105.00       0.6667      0.3333      0.0703      15        30  
  113.00       0.6444      0.3556      0.0714      16        29  
  115.00       0.6222      0.3778      0.0723      17        28  
  120.00       0.6000      0.4000      0.0730      18        27  
  157.00       0.5778      0.4222      0.0736      19        26  
  162.00       0.5556      0.4444      0.0741      20        25  
  164.00       0.5333      0.4667      0.0744      21        24  
  168.00       0.5111      0.4889      0.0745      22        23  
  183.00       0.4889      0.5111      0.0745      23        22  
  242.00       0.4667      0.5333      0.0744      24        21  
  268.00       0.4444      0.5556      0.0741      25        20  
  273.00       0.4222      0.5778      0.0736      26        19  
  318.00       0.4000      0.6000      0.0730      27        18  
  363.00       0.3778      0.6222      0.0723      28        17  
  390.00       0.3556      0.6444      0.0714      29        16  
  422.00       0.3333      0.6667      0.0703      30        15  
  456.00       0.3111      0.6889      0.0690      31        14  
  467.00       0.2889      0.7111      0.0676      32        13  
  625.00       0.2667      0.7333      0.0659      33        12  
  677.00       0.2444      0.7556      0.0641      34        11  
  845.00*           .           .           .      34        10  
 1136.00*           .           .           .      34         9  
 1238.00*           .           .           .      34         8  
 1345.00*           .           .           .      34         7  
 1631.00*           .           .           .      34         6  
 2024.00*           .           .           .      34         5  
 2133.00*           .           .           .      34         4  
 2140.00*           .           .           .      34         3  
The SAS System                                                 09:07 Saturday, October 30, 2021   4

The LIFETEST Procedure
 
Stratum 2: Disease Group = AML-High Risk

                 Product-Limit Survival Estimates
 
                                     Survival
                                     Standard    Number    Number
       T     Survival    Failure      Error      Failed     Left

 2252.00*           .           .           .      34         2  
 2430.00*           .           .           .      34         1  
 2640.00*      0.2444           .           .      34         0  

NOTE: The marked survival times are censored observations.


Summary Statistics for Time Variable T

                   Quartile Estimates
 
              Point         95% Confidence Interval
Percent    Estimate    Transform      [Lower      Upper)

     75      677.00    LOGLOG         363.00         .  
     50      183.00    LOGLOG         113.00      390.00
     25       84.00    LOGLOG          48.00      115.00


            Standard
    Mean       Error

  312.47       38.69

NOTE: The mean survival time and its standard error were underestimated because the largest 
      observation was censored and the estimation was restricted to the largest event time.
The SAS System                                                 09:07 Saturday, October 30, 2021   5

The LIFETEST Procedure
 
Stratum 3: Disease Group = AML-Low Risk

                 Product-Limit Survival Estimates
 
                                     Survival
                                     Standard    Number    Number
       T     Survival    Failure      Error      Failed     Left

    0.00       1.0000           0           0       0        54  
   10.00       0.9815      0.0185      0.0183       1        53  
   35.00       0.9630      0.0370      0.0257       2        52  
   48.00       0.9444      0.0556      0.0312       3        51  
   53.00       0.9259      0.0741      0.0356       4        50  
   79.00       0.9074      0.0926      0.0394       5        49  
   80.00       0.8889      0.1111      0.0428       6        48  
  105.00       0.8704      0.1296      0.0457       7        47  
  211.00       0.8519      0.1481      0.0483       8        46  
  219.00       0.8333      0.1667      0.0507       9        45  
  248.00       0.8148      0.1852      0.0529      10        44  
  272.00       0.7963      0.2037      0.0548      11        43  
  288.00       0.7778      0.2222      0.0566      12        42  
  381.00       0.7593      0.2407      0.0582      13        41  
  390.00       0.7407      0.2593      0.0596      14        40  
  414.00       0.7222      0.2778      0.0610      15        39  
  421.00       0.7037      0.2963      0.0621      16        38  
  481.00       0.6852      0.3148      0.0632      17        37  
  486.00       0.6667      0.3333      0.0642      18        36  
  606.00       0.6481      0.3519      0.0650      19        35  
  641.00       0.6296      0.3704      0.0657      20        34  
  704.00       0.6111      0.3889      0.0663      21        33  
  748.00       0.5926      0.4074      0.0669      22        32  
  847.00*           .           .           .      22        31  
  848.00*           .           .           .      22        30  
  860.00*           .           .           .      22        29  
  932.00*           .           .           .      22        28  
  957.00*           .           .           .      22        27  
 1030.00*           .           .           .      22        26  
 1063.00       0.5698      0.4302      0.0681      23        25  
 1074.00       0.5470      0.4530      0.0691      24        24  
 1258.00*           .           .           .      24        23  
 1324.00*           .           .           .      24        22  
 1363.00*           .           .           .      24        21  
 1384.00*           .           .           .      24        20  
 1447.00*           .           .           .      24        19  
 1470.00*           .           .           .      24        18  
 1527.00*           .           .           .      24        17  
 1535.00*           .           .           .      24        16  
 1562.00*           .           .           .      24        15  
 1568.00*           .           .           .      24        14  
 1674.00*           .           .           .      24        13  
 1709.00*           .           .           .      24        12  
The SAS System                                                 09:07 Saturday, October 30, 2021   6

The LIFETEST Procedure
 
Stratum 3: Disease Group = AML-Low Risk

                 Product-Limit Survival Estimates
 
                                     Survival
                                     Standard    Number    Number
       T     Survival    Failure      Error      Failed     Left

 1799.00*           .           .           .      24        11  
 1829.00*           .           .           .      24        10  
 1843.00*           .           .           .      24         9  
 1850.00*           .           .           .      24         8  
 1857.00*           .           .           .      24         7  
 1870.00*           .           .           .      24         6  
 2204.00       0.4558      0.5442      0.1012      25         5  
 2218.00*           .           .           .      25         4  
 2246.00*           .           .           .      25         3  
 2409.00*           .           .           .      25         2  
 2506.00*           .           .           .      25         1  
 2569.00*      0.4558           .           .      25         0  

NOTE: The marked survival times are censored observations.


Summary Statistics for Time Variable T

                   Quartile Estimates
 
              Point         95% Confidence Interval
Percent    Estimate    Transform      [Lower      Upper)

     75         .      LOGLOG            .           .  
     50     2204.00    LOGLOG         641.00         .  
     25      390.00    LOGLOG         105.00      641.00


            Standard
    Mean       Error

 1382.46      129.65

NOTE: The mean survival time and its standard error were underestimated because the largest 
      observation was censored and the estimation was restricted to the largest event time.


The SAS System                                                 09:07 Saturday, October 30, 2021   7

The LIFETEST Procedure

       Summary of the Number of Censored and Uncensored Values
 
                                                             Percent
Stratum    Group               Total  Failed    Censored    Censored

      1    ALL                    38      24          14       36.84
      2    AML-High Risk          45      34          11       24.44
      3    AML-Low Risk           54      25          29       53.70
--------------------------------------------------------------------
  Total                          137      83          54       39.42
The SAS System                                                 09:07 Saturday, October 30, 2021   8

The LIFETEST Procedure

Testing Homogeneity of Survival Curves for T over Strata


            Rank Statistics
 
Group               Log-Rank    Wilcoxon

ALL                    2.148       131.0
AML-High Risk         12.818      1425.0
AML-Low Risk         -14.966     -1556.0


         Covariance Matrix for the Log-Rank Statistics
 
Group                   ALL      AML-High Risk      AML-Low Risk

ALL                 15.9552            -5.6101          -10.3451
AML-High Risk       -5.6101            15.6048           -9.9947
AML-Low Risk       -10.3451            -9.9947           20.3398


         Covariance Matrix for the Wilcoxon Statistics
 
Group                   ALL      AML-High Risk      AML-Low Risk

ALL                  159851             -61003            -98848
AML-High Risk        -61003             158131            -97129
AML-Low Risk         -98848             -97129            195977


       Test of Equality over Strata
 
                                   Pr >
Test      Chi-Square      DF    Chi-Square

Log-Rank     13.8037       2      0.0010  
Wilcoxon     16.2407       2      0.0003  
-2Log(LR)    19.5313       2      <.0001  
