1                                         The SAS System            15:15 Sunday, November 28, 2021

NOTE: Copyright (c) 2002-2012 by SAS Institute Inc., Cary, NC, USA. 
NOTE: SAS (r) Proprietary Software 9.4 (TS1M4) 
      Licensed to UNIVERSITY OF MICHIGAN - T&R - SFA, Site 70082420.
NOTE: This session is executing on the X64_10PRO  platform.



NOTE: Updated analytical products:
      
      SAS/STAT 14.2
      SAS/ETS 14.2
      SAS/OR 14.2
      SAS/IML 14.2
      SAS/QC 14.2

NOTE: Additional host information:

 X64_10PRO WIN 10.0.18362  Workstation

NOTE: SAS initialization used:
      real time           0.24 seconds
      cpu time            0.26 seconds
      
1          %let cdir_path=.;   /* Path to current directory */
2          
3          filename bmtdata "&cdir_path\inc\create-bmt-data.sas";
4          %include bmtdata;

NOTE: The data set WORK.BMT has 43 observations and 6 variables.
NOTE: DATA statement used (Total process time):
      real time           0.01 seconds
      cpu time            0.01 seconds
      

62         
63         /*
64         Based on
64       ! https://documentation.sas.com/doc/en/pgmsascdc/9.4_3.5/grstatug/p0cmojsdkiab8cn1k2qk3rp3
64       ! a8s0.htm
65         */
66         
67         %let report_name= 10-bmt-desc-plot;
68         
69         options nocenter;
70         ods graphics / reset imagename="&report_name" outputfmt=png;
71         ods _all_ close;
72         
73         ods html file  = "&report_name..html" (title = "BMT desc-plot")
74                  path  = "&cdir_path\reports"
75                  gpath = "&cdir_path\reports" (URL = none)
76                  ;
NOTE: Writing HTML Body file: 10-bmt-desc-plot.html
77         
2 The SAS System                                                    15:15 Sunday, November 28, 2021

78         *ods graphics on;
79         
80         /*
81            product-limit estimates of infection time
82            based on https://support.sas.com/resources/papers/proceedings10/252-2010.pdf
83         */
84         proc lifetest data=bmt
85         plots=survival(nocensor cb=hw cl strata=panel atrisk=0 to 1000 by 50);
86         strata hodgkins;
87         time time*status(0);
88         
89         run;

NOTE: The LOGLOG transform is used to compute the confidence limits for the quartiles of the 
      survivor distribution and the confidence limit for the survivor function. To suppress using 
      this transform, specify CONFTYPE=LINEAR in the PROC LIFETEST statement.
NOTE: PROCEDURE LIFETEST used (Total process time):
      real time           2.98 seconds
      cpu time            0.31 seconds
      

90         * ods graphics off;
91         
92         ods html close;
NOTE: SAS Institute Inc., SAS Campus Drive, Cary, NC USA 27513-2414
NOTE: The SAS System used:
      real time           3.60 seconds
      cpu time            0.85 seconds
      
