a: Estimates for Weibull model                                 10:18 Saturday, October 30, 2021   1

The LIFEREG Procedure

                          Model Information

Data Set                        WORK.BMT                             
Dependent Variable                Log(T)    Disease-Free             
                                            Survival Time            
Censoring Variable                Status    Event Indictor: 1=Event  
                                            0=Censored               
Censoring Value(s)                     0                             
Number of Observations               137                             
Noncensored Values                    83                             
Right Censored Values                 54                             
Left Censored Values                   0                             
Interval Censored Values               0                             
Number of Parameters                   5                             
Name of Distribution             Weibull                             
Log Likelihood              -226.4283634                             


Number of Observations Read         137
Number of Observations Used         137


              Class Level Information
 
Name       Levels    Values

Group           3    ALL AML-High Risk AML-Low Risk 


           Fit Statistics

-2 Log Likelihood             452.857
AIC (smaller is better)       462.857
AICC (smaller is better)      463.315
BIC (smaller is better)       477.457


     Fit Statistics (Unlogged Response)

-2 Log Likelihood                    1301.032
Weibull AIC (smaller is better)      1311.032
Weibull AICC (smaller is better)     1311.490
Weibull BIC (smaller is better)      1325.632


Algorithm converged.                                                       


a: Estimates for Weibull model                                 10:18 Saturday, October 30, 2021   2

The LIFEREG Procedure

         Type III Analysis of Effects
 
                             Wald
Effect           DF    Chi-Square    Pr > ChiSq

Group             2        1.4006        0.4964
xb                1        0.1983        0.6561


                 Analysis of Maximum Likelihood Parameter Estimates
 
                                        Standard   95% Confidence     Chi-
Parameter                   DF Estimate    Error       Limits       Square Pr > ChiSq

Intercept                    1   7.2485   1.9306   3.4646  11.0324   14.10     0.0002
Group         ALL            1  -1.9897   2.0118  -5.9327   1.9533    0.98     0.3227
Group         AML-High Risk  1  -3.3045   3.9255 -10.9984   4.3894    0.71     0.3999
Group         AML-Low Risk   0   0.0000    .        .        .         .        .    
xb                           1   0.8589   1.9290  -2.9219   4.6398    0.20     0.6561
Scale                        1   1.6295   0.1521   1.3570   1.9567                   
Weibull Shape                1   0.6137   0.0573   0.5111   0.7369                   
b: Estimates for log-normal                                    10:18 Saturday, October 30, 2021   3

The LIFEREG Procedure

                          Model Information

Data Set                        WORK.BMT                             
Dependent Variable                Log(T)    Disease-Free             
                                            Survival Time            
Censoring Variable                Status    Event Indictor: 1=Event  
                                            0=Censored               
Censoring Value(s)                     0                             
Number of Observations               137                             
Noncensored Values                    83                             
Right Censored Values                 54                             
Left Censored Values                   0                             
Interval Censored Values               0                             
Number of Parameters                   5                             
Name of Distribution           Lognormal                             
Log Likelihood              -219.2104111                             


Number of Observations Read         137
Number of Observations Used         137


              Class Level Information
 
Name       Levels    Values

Group           3    ALL AML-High Risk AML-Low Risk 


           Fit Statistics

-2 Log Likelihood             438.421
AIC (smaller is better)       448.421
AICC (smaller is better)      448.879
BIC (smaller is better)       463.021


      Fit Statistics (Unlogged Response)

-2 Log Likelihood                      1286.596
Lognormal AIC (smaller is better)      1296.596
Lognormal AICC (smaller is better)     1297.054
Lognormal BIC (smaller is better)      1311.196


Algorithm converged.                                                       


b: Estimates for log-normal                                    10:18 Saturday, October 30, 2021   4

The LIFEREG Procedure

         Type III Analysis of Effects
 
                             Wald
Effect           DF    Chi-Square    Pr > ChiSq

Group             2        2.3115        0.3148
xb                1        0.9923        0.3192


                 Analysis of Maximum Likelihood Parameter Estimates
 
                                        Standard   95% Confidence     Chi-
Parameter                   DF Estimate    Error       Limits       Square Pr > ChiSq

Intercept                    1   5.4010   2.0192   1.4434   9.3586    7.15     0.0075
Group         ALL            1  -3.1018   2.0861  -7.1905   0.9869    2.21     0.1370
Group         AML-High Risk  1  -5.7173   4.0996 -13.7523   2.3178    1.94     0.1631
Group         AML-Low Risk   0   0.0000    .        .        .         .        .    
xb                           1   2.0092   2.0170  -1.9441   5.9626    0.99     0.3192
Scale                        1   2.0343   0.1726   1.7227   2.4024                   
Estimates for Fitted Models                                    10:18 Saturday, October 30, 2021   5

 
 
_MODEL_    _NAME_                _TYPE_     _DIST_       _STATUS_      _LNLIKE_        T

   a       T                     PARMS     Weibull      0 Converged    -226.428    -1.00000
   a       Intercept             COV       Weibull      0 Converged    -226.428     7.24852
   a       GroupALL              COV       Weibull      0 Converged    -226.428    -1.98968
   a       GroupAML_High_Risk    COV       Weibull      0 Converged    -226.428    -3.30451
   a       GroupAML_Low_Risk     COV       Weibull      0 Converged    -226.428     0.00000
   a       xb                    COV       Weibull      0 Converged    -226.428     0.85892
   a       Scale                 COV       Weibull      0 Converged    -226.428     1.62945
   b       T                     PARMS     Lognormal    0 Converged    -219.210    -1.00000
   b       Intercept             COV       Lognormal    0 Converged    -219.210     5.40099
   b       GroupALL              COV       Lognormal    0 Converged    -219.210    -3.10180
   b       GroupAML_High_Risk    COV       Lognormal    0 Converged    -219.210    -5.71725
   b       GroupAML_Low_Risk     COV       Lognormal    0 Converged    -219.210     0.00000
   b       xb                    COV       Lognormal    0 Converged    -219.210     2.00923
   b       Scale                 COV       Lognormal    0 Converged    -219.210     2.03433

                                                   Group
                                    GroupAML_    AML_Low_
_MODEL_    Intercept    GroupALL    High_Risk      Risk         xb        _SCALE_

   a         7.24852    -1.98968      -3.3045        0        0.85892     1.62945
   a         3.72717     3.60680       7.2976        0       -3.66625     0.00392
   a         3.60680     4.04729       7.7430        0       -3.77393    -0.01908
   a         7.29763     7.74297      15.4098        0       -7.52453    -0.03679
   a         0.00000     0.00000       0.0000        0        0.00000     0.00000
   a        -3.66625    -3.77393      -7.5245        0        3.72120     0.01054
   a         0.00392    -0.01908      -0.0368        0        0.01054     0.02315
   b         5.40099    -3.10180      -5.7173        0        2.00923     2.03433
   b         4.07718     3.95263       8.0223        0       -4.02040     0.01100
   b         3.95263     4.35177       8.3827        0       -4.10019    -0.01119
   b         8.02229     8.38265      16.8068        0       -8.22059    -0.02006
   b         0.00000     0.00000       0.0000        0        0.00000     0.00000
   b        -4.02040    -4.10019      -8.2206        0        4.06845     0.00491
   b         0.01100    -0.01119      -0.0201        0        0.00491     0.02979
