1                                         The SAS System            16:45 Sunday, November 21, 2021

NOTE: Copyright (c) 2002-2012 by SAS Institute Inc., Cary, NC, USA. 
NOTE: SAS (r) Proprietary Software 9.4 (TS1M4) 
      Licensed to UNIVERSITY OF MICHIGAN - T&R - SFA, Site 70082420.
NOTE: This session is executing on the X64_10PRO  platform.



NOTE: Updated analytical products:
      
      SAS/STAT 14.2
      SAS/ETS 14.2
      SAS/OR 14.2
      SAS/IML 14.2
      SAS/QC 14.2

NOTE: Additional host information:

 X64_10PRO WIN 10.0.18362  Workstation

NOTE: SAS initialization used:
      real time           0.20 seconds
      cpu time            0.21 seconds
      
1          %let cdir_path=.;   /* Path to current directory */
2          
3          filename bmt2data "&cdir_path\inc\create-bmt2-data.sas";
4          %include bmt2data;

NOTE: The data set WORK.BMT2 has 43 observations and 6 variables.
NOTE: DATA statement used (Total process time):
      real time           0.01 seconds
      cpu time            0.01 seconds
      

62         
63         %let xvar = allo hodgkins kscore wtime;
64         
65         options nocenter;
66         ods html file = "215-bmt2-lifereg-estimates.html" (title ="BMT2 estimates")
67                  path = "&cdir_path\reports2";
NOTE: Writing HTML Body file: 215-bmt2-lifereg-estimates.html
68         
69         Title "a: Estimates for Weibull model";
70         proc lifereg data=bmt2 outest=modela covout;
71            a: model time*status(0)=  &xvar /dist = weibull;
72         run;

NOTE: Algorithm converged.
NOTE: The data set WORK.MODELA has 7 observations and 13 variables.
NOTE: The PROCEDURE LIFEREG printed pages 1-2.
NOTE: PROCEDURE LIFEREG used (Total process time):
      real time           0.03 seconds
      cpu time            0.03 seconds
2 The SAS System                                                    16:45 Sunday, November 21, 2021

      

73         
74         Title "b: Estimates for exponential model";
75         proc lifereg data=bmt2 outest=modelb covout;
76            b: model time*status(0) = &xvar /dist = exponential;
77         run;

NOTE: Algorithm converged.
NOTE: The data set WORK.MODELB has 7 observations and 13 variables.
NOTE: The PROCEDURE LIFEREG printed pages 3-4.
NOTE: PROCEDURE LIFEREG used (Total process time):
      real time           0.01 seconds
      cpu time            0.00 seconds
      

78         
79         Title "c: Estimates for gamma model";
80         proc lifereg data=bmt2 outest=modelc covout;
81            c: model time*status(0) = &xvar /dist = gamma;
82         run;

NOTE: Algorithm converged.
NOTE: The data set WORK.MODELC has 8 observations and 14 variables.
NOTE: The PROCEDURE LIFEREG printed pages 5-6.
NOTE: PROCEDURE LIFEREG used (Total process time):
      real time           0.01 seconds
      cpu time            0.01 seconds
      

83         
84         Title "d: Estimates for log-logistic model";
85         proc lifereg data=bmt2 outest=modeld covout;
86            d: model time*status(0) = &xvar /dist = llogistic;
87         run;

NOTE: Algorithm converged.
NOTE: The data set WORK.MODELD has 7 observations and 13 variables.
NOTE: The PROCEDURE LIFEREG printed pages 7-8.
NOTE: PROCEDURE LIFEREG used (Total process time):
      real time           0.01 seconds
      cpu time            0.01 seconds
      

88         
89         
90         Title "e: Estimates for log-normal";
91         proc lifereg data=bmt2 outest = modele covout;
92            e: model time*status(0)= &xvar / dist=lnormal;
93         run;

NOTE: Algorithm converged.
NOTE: The data set WORK.MODELE has 7 observations and 13 variables.
3 The SAS System                                                    16:45 Sunday, November 21, 2021

NOTE: The PROCEDURE LIFEREG printed pages 9-10.
NOTE: PROCEDURE LIFEREG used (Total process time):
      real time           0.01 seconds
      cpu time            0.01 seconds
      

94         
95         data models;
96            set modela modelb modelc modeld modele;
97         run;

NOTE: There were 7 observations read from the data set WORK.MODELA.
NOTE: There were 7 observations read from the data set WORK.MODELB.
NOTE: There were 8 observations read from the data set WORK.MODELC.
NOTE: There were 7 observations read from the data set WORK.MODELD.
NOTE: There were 7 observations read from the data set WORK.MODELE.
NOTE: The data set WORK.MODELS has 36 observations and 14 variables.
NOTE: DATA statement used (Total process time):
      real time           0.00 seconds
      cpu time            0.01 seconds
      

98         
99         proc print data=models;
100           id _model_;
101           title 'Estimates for Fitted Models';
102        run;

NOTE: There were 36 observations read from the data set WORK.MODELS.
NOTE: The PROCEDURE PRINT printed pages 11-12.
NOTE: PROCEDURE PRINT used (Total process time):
      real time           0.01 seconds
      cpu time            0.01 seconds
      

103        
104        ods html close;
NOTE: SAS Institute Inc., SAS Campus Drive, Cary, NC USA 27513-2414
NOTE: The SAS System used:
      real time           0.69 seconds
      cpu time            0.62 seconds
      
