1                                         The SAS System            18:17 Sunday, November 28, 2021

NOTE: Copyright (c) 2002-2012 by SAS Institute Inc., Cary, NC, USA. 
NOTE: SAS (r) Proprietary Software 9.4 (TS1M4) 
      Licensed to UNIVERSITY OF MICHIGAN - T&R - SFA, Site 70082420.
NOTE: This session is executing on the X64_10PRO  platform.



NOTE: Updated analytical products:
      
      SAS/STAT 14.2
      SAS/ETS 14.2
      SAS/OR 14.2
      SAS/IML 14.2
      SAS/QC 14.2

NOTE: Additional host information:

 X64_10PRO WIN 10.0.18362  Workstation

NOTE: SAS initialization used:
      real time           0.23 seconds
      cpu time            0.23 seconds
      
1          %let cdir_path=.;   /* Path to current directory */
2          
3          filename bmtdata "&cdir_path\inc\create-bmt-data.sas";
4          %include bmtdata;

NOTE: The data set WORK.BMT has 43 observations and 7 variables.
NOTE: DATA statement used (Total process time):
      real time           0.01 seconds
      cpu time            0.01 seconds
      

63         
64         /*
65         Based on
65       ! https://documentation.sas.com/doc/en/pgmsascdc/9.4_3.5/grstatug/p0cmojsdkiab8cn1k2qk3rp3
65       ! a8s0.htm
66         */
67         
68         %let report_name= 25-bmt-probplot;
69         
70         Title "xdata for probplot (one row)";
71         data uxdata;
72          allo =1;
73          hodgkins =0;
74          kscore = 50;
75          wtime=10;
76          output;
77         run;

NOTE: The data set WORK.UXDATA has 1 observations and 4 variables.
2                                         The SAS System            18:17 Sunday, November 28, 2021

NOTE: DATA statement used (Total process time):
      real time           0.00 seconds
      cpu time            0.00 seconds
      

78         
79         
80         options nocenter;
81         ods graphics / reset imagename="&report_name" outputfmt=png;
82         ods _all_ close;
83         
84         ods html file  = "&report_name..html" (title = "25-BMT probplot")
85                  path  = "&cdir_path\reports"
86                  gpath = "&cdir_path\reports" (URL = none)
87                  ;
NOTE: Writing HTML Body file: 25-bmt-probplot.html
88         Title "uxdata";
89         proc print data=uxdata;
90         run;

NOTE: There were 1 observations read from the data set WORK.UXDATA.
NOTE: PROCEDURE PRINT used (Total process time):
      real time           0.00 seconds
      cpu time            0.00 seconds
      

91         
92         Title "Weibull model with probplot";
93         proc lifereg data=bmt xdata = uxdata;
94            class allo hodgkins;
95            a: model time*status(0)= allo hodgkins kscore wtime / dist = weibull;
96            probplot  / nodata
97                plower=.5
98                vref(intersect) = 75
99                vreflab = '75 Percent';
100           inset;
101        run;

NOTE: Algorithm converged.
NOTE: PROCEDURE LIFEREG used (Total process time):
      real time           2.00 seconds
      cpu time            0.37 seconds
      

102        
103        ods html close;
NOTE: SAS Institute Inc., SAS Campus Drive, Cary, NC USA 27513-2414
NOTE: The SAS System used:
      real time           2.61 seconds
      cpu time            0.88 seconds
      
